{"name": ": Login data -- @1.1 ", "status": "broken", "statusDetails": {"message": "selenium.common.exceptions.NoSuchElementException: Message: no such element: Unable to locate element: {\"method\":\"css selector\",\"selector\":\"#container>div>div._1kfTjk>div._1rH5Jn>div._2Xfa2_>div.go_DOp._2errNR>div>div>div.ZEl_b_._1J9ow0._2ogGYG._23xUYh._3pAV4E>div._3_Fivj>div>div>div>div._3wJI0x\"}\n  (Session info: chrome=107.0.5304.88)\n\n", "trace": "  File \"C:\\Users\\navan\\AppData\\Local\\Programs\\Python\\Python310\\lib\\site-packages\\behave\\model.py\", line 1329, in run\n    match.run(runner.context)\n  File \"C:\\Users\\navan\\AppData\\Local\\Programs\\Python\\Python310\\lib\\site-packages\\behave\\matchers.py\", line 98, in run\n    self.func(context, *args, **kwargs)\n  File \"features\\steps\\registrationfeatures.py\", line 26, in step_impl\n    context.reg.clickSignUpLink()\n  File \"C:\\Users\\navan\\PycharmProjects\\Sprint2\\features\\pageobjects\\loginpage.py\", line 29, in clickSignUpLink\n    self.driver.find_element(By.CSS_SELECTOR,\"#container>div>div._1kfTjk>div._1rH5Jn>div._2Xfa2_>div.go_DOp._2errNR>div>div>div.ZEl_b_._1J9ow0._2ogGYG._23xUYh._3pAV4E>div._3_Fivj>div>div>div>div._3wJI0x\").click()\n  File \"C:\\Users\\navan\\AppData\\Local\\Programs\\Python\\Python310\\lib\\site-packages\\selenium\\webdriver\\remote\\webdriver.py\", line 976, in find_element\n    return self.execute(Command.FIND_ELEMENT, {\n  File \"C:\\Users\\navan\\AppData\\Local\\Programs\\Python\\Python310\\lib\\site-packages\\selenium\\webdriver\\remote\\webdriver.py\", line 321, in execute\n    self.error_handler.check_response(response)\n  File \"C:\\Users\\navan\\AppData\\Local\\Programs\\Python\\Python310\\lib\\site-packages\\selenium\\webdriver\\remote\\errorhandler.py\", line 242, in check_response\n    raise exception_class(message, screen, stacktrace)\n"}, "steps": [{"name": "Given we navigate to the Flipkart url", "status": "passed", "start": 1667987664665, "stop": 1667987688298}, {"name": "And close the login window", "status": "passed", "start": 1667987688298, "stop": 1667987693456}, {"name": "When we hover over Login Button", "status": "passed", "start": 1667987693456, "stop": 1667987703789}, {"name": "And Click on SignUp Link", "status": "broken", "statusDetails": {"message": "selenium.common.exceptions.NoSuchElementException: Message: no such element: Unable to locate element: {\"method\":\"css selector\",\"selector\":\"#container>div>div._1kfTjk>div._1rH5Jn>div._2Xfa2_>div.go_DOp._2errNR>div>div>div.ZEl_b_._1J9ow0._2ogGYG._23xUYh._3pAV4E>div._3_Fivj>div>div>div>div._3wJI0x\"}\n  (Session info: chrome=107.0.5304.88)\n\n", "trace": "  File \"C:\\Users\\navan\\AppData\\Local\\Programs\\Python\\Python310\\lib\\site-packages\\behave\\model.py\", line 1329, in run\n    match.run(runner.context)\n  File \"C:\\Users\\navan\\AppData\\Local\\Programs\\Python\\Python310\\lib\\site-packages\\behave\\matchers.py\", line 98, in run\n    self.func(context, *args, **kwargs)\n  File \"features\\steps\\registrationfeatures.py\", line 26, in step_impl\n    context.reg.clickSignUpLink()\n  File \"C:\\Users\\navan\\PycharmProjects\\Sprint2\\features\\pageobjects\\loginpage.py\", line 29, in clickSignUpLink\n    self.driver.find_element(By.CSS_SELECTOR,\"#container>div>div._1kfTjk>div._1rH5Jn>div._2Xfa2_>div.go_DOp._2errNR>div>div>div.ZEl_b_._1J9ow0._2ogGYG._23xUYh._3pAV4E>div._3_Fivj>div>div>div>div._3wJI0x\").click()\n  File \"C:\\Users\\navan\\AppData\\Local\\Programs\\Python\\Python310\\lib\\site-packages\\selenium\\webdriver\\remote\\webdriver.py\", line 976, in find_element\n    return self.execute(Command.FIND_ELEMENT, {\n  File \"C:\\Users\\navan\\AppData\\Local\\Programs\\Python\\Python310\\lib\\site-packages\\selenium\\webdriver\\remote\\webdriver.py\", line 321, in execute\n    self.error_handler.check_response(response)\n  File \"C:\\Users\\navan\\AppData\\Local\\Programs\\Python\\Python310\\lib\\site-packages\\selenium\\webdriver\\remote\\errorhandler.py\", line 242, in check_response\n    raise exception_class(message, screen, stacktrace)\n"}, "attachments": [{"name": "screenshot", "source": "f066cab0-ef91-48ff-b8a2-512ca0de6990-attachment.png", "type": "image/png"}], "start": 1667987703789, "stop": 1667987744865}, {"name": "Then we validate the new user text", "status": "skipped", "start": 1667987750123, "stop": 1667987750123}, {"name": "And we type in the \"9448996256\" field", "status": "skipped", "start": 1667987750123, "stop": 1667987750123}, {"name": "And Click on Continue button", "status": "skipped", "start": 1667987750123, "stop": 1667987750123}, {"name": "Then we type in \"Nava@18898\" field", "status": "skipped", "start": 1667987750123, "stop": 1667987750123}, {"name": "And we click on the login button", "status": "skipped", "start": 1667987750123, "stop": 1667987750123}], "parameters": [{"name": "number", "value": "9448996256"}, {"name": "password", "value": "Nava@18898"}], "start": 1667987661495, "stop": 1667987750123, "uuid": "85814ded-124d-42a7-b3de-7a0f6580cc37", "historyId": "a79eaed97cda3f9ced5b75e6854baf36", "fullName": "Flipkart Registration: : Login data", "labels": [{"name": "severity", "value": "normal"}, {"name": "feature", "value": "Flipkart Registration"}, {"name": "framework", "value": "behave"}, {"name": "language", "value": "cpython3"}]}