{"name": ": Login data -- @1.1 ", "status": "broken", "statusDetails": {"message": "selenium.common.exceptions.NoSuchElementException: Message: no such element: Unable to locate element: {\"method\":\"xpath\",\"selector\":\"/html/body/div[2]/div/div/div/div/div[2]/div/form/div[4]/input\"}\n  (Session info: chrome=107.0.5304.88)\n\n", "trace": "  File \"C:\\Users\\navan\\AppData\\Local\\Programs\\Python\\Python310\\lib\\site-packages\\behave\\model.py\", line 1329, in run\n    match.run(runner.context)\n  File \"C:\\Users\\navan\\AppData\\Local\\Programs\\Python\\Python310\\lib\\site-packages\\behave\\matchers.py\", line 98, in run\n    self.func(context, *args, **kwargs)\n  File \"features\\steps\\registrationfeatures.py\", line 45, in step_impl\n    context.reg.enterpass(password)\n  File \"C:\\Users\\navan\\PycharmProjects\\Sprint2\\features\\pageobjects\\loginpage.py\", line 42, in enterpass\n    self.TypeEditBox(\"password_XPATH\",password)\n  File \"C:\\Users\\navan\\PycharmProjects\\Sprint2\\features\\pageobjects\\Base.py\", line 32, in TypeEditBox\n    self.driver.find_element_by_xpath(configreader.ConfigReader(\"locators\", locator)).click()\n  File \"C:\\Users\\navan\\AppData\\Local\\Programs\\Python\\Python310\\lib\\site-packages\\selenium\\webdriver\\remote\\webdriver.py\", line 394, in find_element_by_xpath\n    return self.find_element(by=By.XPATH, value=xpath)\n  File \"C:\\Users\\navan\\AppData\\Local\\Programs\\Python\\Python310\\lib\\site-packages\\selenium\\webdriver\\remote\\webdriver.py\", line 976, in find_element\n    return self.execute(Command.FIND_ELEMENT, {\n  File \"C:\\Users\\navan\\AppData\\Local\\Programs\\Python\\Python310\\lib\\site-packages\\selenium\\webdriver\\remote\\webdriver.py\", line 321, in execute\n    self.error_handler.check_response(response)\n  File \"C:\\Users\\navan\\AppData\\Local\\Programs\\Python\\Python310\\lib\\site-packages\\selenium\\webdriver\\remote\\errorhandler.py\", line 242, in check_response\n    raise exception_class(message, screen, stacktrace)\n"}, "steps": [{"name": "Given we navigate to the Flipkart url", "status": "passed", "start": 1667977633649, "stop": 1667977677125}, {"name": "And close the login window", "status": "passed", "start": 1667977677127, "stop": 1667977682229}, {"name": "When we hover over Login Button", "status": "passed", "start": 1667977682229, "stop": 1667977687560}, {"name": "And Click on SignUp Link", "status": "passed", "start": 1667977687560, "stop": 1667977692655}, {"name": "Then we validate the new user text", "status": "passed", "start": 1667977692658, "stop": 1667977692712}, {"name": "And we type in the \"8073497804\" field", "status": "passed", "start": 1667977692712, "stop": 1667977752898}, {"name": "And Click on Continue button", "status": "passed", "start": 1667977752898, "stop": 1667977762961}, {"name": "Then we type in \"Nava@18898\" field", "status": "broken", "statusDetails": {"message": "selenium.common.exceptions.NoSuchElementException: Message: no such element: Unable to locate element: {\"method\":\"xpath\",\"selector\":\"/html/body/div[2]/div/div/div/div/div[2]/div/form/div[4]/input\"}\n  (Session info: chrome=107.0.5304.88)\n\n", "trace": "  File \"C:\\Users\\navan\\AppData\\Local\\Programs\\Python\\Python310\\lib\\site-packages\\behave\\model.py\", line 1329, in run\n    match.run(runner.context)\n  File \"C:\\Users\\navan\\AppData\\Local\\Programs\\Python\\Python310\\lib\\site-packages\\behave\\matchers.py\", line 98, in run\n    self.func(context, *args, **kwargs)\n  File \"features\\steps\\registrationfeatures.py\", line 45, in step_impl\n    context.reg.enterpass(password)\n  File \"C:\\Users\\navan\\PycharmProjects\\Sprint2\\features\\pageobjects\\loginpage.py\", line 42, in enterpass\n    self.TypeEditBox(\"password_XPATH\",password)\n  File \"C:\\Users\\navan\\PycharmProjects\\Sprint2\\features\\pageobjects\\Base.py\", line 32, in TypeEditBox\n    self.driver.find_element_by_xpath(configreader.ConfigReader(\"locators\", locator)).click()\n  File \"C:\\Users\\navan\\AppData\\Local\\Programs\\Python\\Python310\\lib\\site-packages\\selenium\\webdriver\\remote\\webdriver.py\", line 394, in find_element_by_xpath\n    return self.find_element(by=By.XPATH, value=xpath)\n  File \"C:\\Users\\navan\\AppData\\Local\\Programs\\Python\\Python310\\lib\\site-packages\\selenium\\webdriver\\remote\\webdriver.py\", line 976, in find_element\n    return self.execute(Command.FIND_ELEMENT, {\n  File \"C:\\Users\\navan\\AppData\\Local\\Programs\\Python\\Python310\\lib\\site-packages\\selenium\\webdriver\\remote\\webdriver.py\", line 321, in execute\n    self.error_handler.check_response(response)\n  File \"C:\\Users\\navan\\AppData\\Local\\Programs\\Python\\Python310\\lib\\site-packages\\selenium\\webdriver\\remote\\errorhandler.py\", line 242, in check_response\n    raise exception_class(message, screen, stacktrace)\n"}, "attachments": [{"name": "screenshot", "source": "9d0e9537-d336-4cf0-a679-4d86aafcd029-attachment.png", "type": "image/png"}], "start": 1667977762961, "stop": 1667977813460}, {"name": "And we click on the login button", "status": "skipped", "start": 1667977818628, "stop": 1667977818628}], "parameters": [{"name": "number", "value": "8073497804"}, {"name": "password", "value": "Nava@18898"}], "start": 1667977630366, "stop": 1667977818628, "uuid": "6cca53b5-8e00-41fa-931d-053af2d2dafd", "historyId": "0bd1fff6f01b118a573c1ab0ae2e17ca", "fullName": "Flipkart Registration: : Login data", "labels": [{"name": "severity", "value": "normal"}, {"name": "feature", "value": "Flipkart Registration"}, {"name": "framework", "value": "behave"}, {"name": "language", "value": "cpython3"}]}