{"uid":"87bcc15a403cbce8","name":": Login data -- @1.1 ","fullName":"Flipkart Registration: : Login data","historyId":"b14779f0abec9b26abbdbeacb02f8c13","time":{"start":1668008540497,"stop":1668008712068,"duration":171571},"status":"broken","statusMessage":"selenium.common.exceptions.NoSuchElementException: Message: no such element: Unable to locate element: {\"method\":\"xpath\",\"selector\":\"/html/body/div[2]/div/div/div/div/div[2]/div/form/div[4]/input\"}\n  (Session info: chrome=107.0.5304.88)\n\n","statusTrace":"  File \"C:\\Users\\navan\\AppData\\Local\\Programs\\Python\\Python310\\lib\\site-packages\\behave\\model.py\", line 1329, in run\n    match.run(runner.context)\n  File \"C:\\Users\\navan\\AppData\\Local\\Programs\\Python\\Python310\\lib\\site-packages\\behave\\matchers.py\", line 98, in run\n    self.func(context, *args, **kwargs)\n  File \"features\\steps\\registrationfeatures.py\", line 45, in step_impl\n    context.reg.enterpass(password)\n  File \"C:\\Users\\navan\\PycharmProjects\\Sprint2\\features\\pageobjects\\loginpage.py\", line 42, in enterpass\n    self.TypeEditBox(\"password_XPATH\",password)\n  File \"C:\\Users\\navan\\PycharmProjects\\Sprint2\\features\\pageobjects\\Base.py\", line 32, in TypeEditBox\n    self.driver.find_element_by_xpath(configreader.ConfigReader(\"locators\", locator)).click()\n  File \"C:\\Users\\navan\\AppData\\Local\\Programs\\Python\\Python310\\lib\\site-packages\\selenium\\webdriver\\remote\\webdriver.py\", line 394, in find_element_by_xpath\n    return self.find_element(by=By.XPATH, value=xpath)\n  File \"C:\\Users\\navan\\AppData\\Local\\Programs\\Python\\Python310\\lib\\site-packages\\selenium\\webdriver\\remote\\webdriver.py\", line 976, in find_element\n    return self.execute(Command.FIND_ELEMENT, {\n  File \"C:\\Users\\navan\\AppData\\Local\\Programs\\Python\\Python310\\lib\\site-packages\\selenium\\webdriver\\remote\\webdriver.py\", line 321, in execute\n    self.error_handler.check_response(response)\n  File \"C:\\Users\\navan\\AppData\\Local\\Programs\\Python\\Python310\\lib\\site-packages\\selenium\\webdriver\\remote\\errorhandler.py\", line 242, in check_response\n    raise exception_class(message, screen, stacktrace)\n","flaky":false,"newFailed":false,"newBroken":false,"newPassed":false,"retriesCount":0,"retriesStatusChange":false,"beforeStages":[],"testStage":{"status":"broken","statusMessage":"selenium.common.exceptions.NoSuchElementException: Message: no such element: Unable to locate element: {\"method\":\"xpath\",\"selector\":\"/html/body/div[2]/div/div/div/div/div[2]/div/form/div[4]/input\"}\n  (Session info: chrome=107.0.5304.88)\n\n","statusTrace":"  File \"C:\\Users\\navan\\AppData\\Local\\Programs\\Python\\Python310\\lib\\site-packages\\behave\\model.py\", line 1329, in run\n    match.run(runner.context)\n  File \"C:\\Users\\navan\\AppData\\Local\\Programs\\Python\\Python310\\lib\\site-packages\\behave\\matchers.py\", line 98, in run\n    self.func(context, *args, **kwargs)\n  File \"features\\steps\\registrationfeatures.py\", line 45, in step_impl\n    context.reg.enterpass(password)\n  File \"C:\\Users\\navan\\PycharmProjects\\Sprint2\\features\\pageobjects\\loginpage.py\", line 42, in enterpass\n    self.TypeEditBox(\"password_XPATH\",password)\n  File \"C:\\Users\\navan\\PycharmProjects\\Sprint2\\features\\pageobjects\\Base.py\", line 32, in TypeEditBox\n    self.driver.find_element_by_xpath(configreader.ConfigReader(\"locators\", locator)).click()\n  File \"C:\\Users\\navan\\AppData\\Local\\Programs\\Python\\Python310\\lib\\site-packages\\selenium\\webdriver\\remote\\webdriver.py\", line 394, in find_element_by_xpath\n    return self.find_element(by=By.XPATH, value=xpath)\n  File \"C:\\Users\\navan\\AppData\\Local\\Programs\\Python\\Python310\\lib\\site-packages\\selenium\\webdriver\\remote\\webdriver.py\", line 976, in find_element\n    return self.execute(Command.FIND_ELEMENT, {\n  File \"C:\\Users\\navan\\AppData\\Local\\Programs\\Python\\Python310\\lib\\site-packages\\selenium\\webdriver\\remote\\webdriver.py\", line 321, in execute\n    self.error_handler.check_response(response)\n  File \"C:\\Users\\navan\\AppData\\Local\\Programs\\Python\\Python310\\lib\\site-packages\\selenium\\webdriver\\remote\\errorhandler.py\", line 242, in check_response\n    raise exception_class(message, screen, stacktrace)\n","steps":[{"name":"Given we navigate to the Flipkart url","time":{"start":1668008544754,"stop":1668008570644,"duration":25890},"status":"passed","steps":[],"attachments":[],"parameters":[],"shouldDisplayMessage":false,"attachmentsCount":0,"stepsCount":0,"hasContent":false},{"name":"And close the login window","time":{"start":1668008570644,"stop":1668008575738,"duration":5094},"status":"passed","steps":[],"attachments":[],"parameters":[],"shouldDisplayMessage":false,"attachmentsCount":0,"stepsCount":0,"hasContent":false},{"name":"When we hover over Login Button","time":{"start":1668008575738,"stop":1668008581065,"duration":5327},"status":"passed","steps":[],"attachments":[],"parameters":[],"shouldDisplayMessage":false,"attachmentsCount":0,"stepsCount":0,"hasContent":false},{"name":"And Click on SignUp Link","time":{"start":1668008581066,"stop":1668008586128,"duration":5062},"status":"passed","steps":[],"attachments":[],"parameters":[],"shouldDisplayMessage":false,"attachmentsCount":0,"stepsCount":0,"hasContent":false},{"name":"Then we validate the new user text","time":{"start":1668008586128,"stop":1668008586168,"duration":40},"status":"passed","steps":[],"attachments":[],"parameters":[],"shouldDisplayMessage":false,"attachmentsCount":0,"stepsCount":0,"hasContent":false},{"name":"And we type in the \"9894366233\" field","time":{"start":1668008586168,"stop":1668008646375,"duration":60207},"status":"passed","steps":[],"attachments":[],"parameters":[],"shouldDisplayMessage":false,"attachmentsCount":0,"stepsCount":0,"hasContent":false},{"name":"And Click on Continue button","time":{"start":1668008646375,"stop":1668008656457,"duration":10082},"status":"passed","steps":[],"attachments":[],"parameters":[],"shouldDisplayMessage":false,"attachmentsCount":0,"stepsCount":0,"hasContent":false},{"name":"Then we type in \"Nava@18898\" field","time":{"start":1668008656457,"stop":1668008706880,"duration":50423},"status":"broken","statusMessage":"selenium.common.exceptions.NoSuchElementException: Message: no such element: Unable to locate element: {\"method\":\"xpath\",\"selector\":\"/html/body/div[2]/div/div/div/div/div[2]/div/form/div[4]/input\"}\n  (Session info: chrome=107.0.5304.88)\n\n","statusTrace":"  File \"C:\\Users\\navan\\AppData\\Local\\Programs\\Python\\Python310\\lib\\site-packages\\behave\\model.py\", line 1329, in run\n    match.run(runner.context)\n  File \"C:\\Users\\navan\\AppData\\Local\\Programs\\Python\\Python310\\lib\\site-packages\\behave\\matchers.py\", line 98, in run\n    self.func(context, *args, **kwargs)\n  File \"features\\steps\\registrationfeatures.py\", line 45, in step_impl\n    context.reg.enterpass(password)\n  File \"C:\\Users\\navan\\PycharmProjects\\Sprint2\\features\\pageobjects\\loginpage.py\", line 42, in enterpass\n    self.TypeEditBox(\"password_XPATH\",password)\n  File \"C:\\Users\\navan\\PycharmProjects\\Sprint2\\features\\pageobjects\\Base.py\", line 32, in TypeEditBox\n    self.driver.find_element_by_xpath(configreader.ConfigReader(\"locators\", locator)).click()\n  File \"C:\\Users\\navan\\AppData\\Local\\Programs\\Python\\Python310\\lib\\site-packages\\selenium\\webdriver\\remote\\webdriver.py\", line 394, in find_element_by_xpath\n    return self.find_element(by=By.XPATH, value=xpath)\n  File \"C:\\Users\\navan\\AppData\\Local\\Programs\\Python\\Python310\\lib\\site-packages\\selenium\\webdriver\\remote\\webdriver.py\", line 976, in find_element\n    return self.execute(Command.FIND_ELEMENT, {\n  File \"C:\\Users\\navan\\AppData\\Local\\Programs\\Python\\Python310\\lib\\site-packages\\selenium\\webdriver\\remote\\webdriver.py\", line 321, in execute\n    self.error_handler.check_response(response)\n  File \"C:\\Users\\navan\\AppData\\Local\\Programs\\Python\\Python310\\lib\\site-packages\\selenium\\webdriver\\remote\\errorhandler.py\", line 242, in check_response\n    raise exception_class(message, screen, stacktrace)\n","steps":[],"attachments":[{"uid":"32c6b9b0a9e59ba","name":"screenshot","source":"32c6b9b0a9e59ba.png","type":"image/png","size":713090}],"parameters":[],"shouldDisplayMessage":true,"attachmentsCount":1,"stepsCount":0,"hasContent":true},{"name":"And we click on the login button","time":{"start":1668008712068,"stop":1668008712068,"duration":0},"status":"skipped","steps":[],"attachments":[],"parameters":[],"shouldDisplayMessage":false,"attachmentsCount":0,"stepsCount":0,"hasContent":false}],"attachments":[],"parameters":[],"shouldDisplayMessage":false,"attachmentsCount":1,"stepsCount":9,"hasContent":true},"afterStages":[],"labels":[{"name":"severity","value":"normal"},{"name":"feature","value":"Flipkart Registration"},{"name":"framework","value":"behave"},{"name":"language","value":"cpython3"},{"name":"resultFormat","value":"allure2"}],"parameters":[{"name":"number","value":"9894366233"},{"name":"password","value":"Nava@18898"}],"links":[],"hidden":false,"retry":false,"extra":{"severity":"normal","retries":[],"categories":[{"name":"Test defects","matchedStatuses":[],"flaky":false}],"history":{"statistic":{"failed":0,"broken":2,"skipped":0,"passed":0,"unknown":0,"total":2},"items":[{"uid":"421ff3d702fdde41","reportUrl":"http://localhost:9090/job/Sprint/21/allure/#testresult/421ff3d702fdde41","status":"broken","statusDetails":"selenium.common.exceptions.NoSuchElementException: Message: no such element: Unable to locate element: {\"method\":\"xpath\",\"selector\":\"/html/body/div[2]/div/div/div/div/div[2]/div/form/div[4]/input\"}\n  (Session info: chrome=107.0.5304.88)\n\n","time":{"start":1668008540497,"stop":1668008712068,"duration":171571}}]},"tags":[]},"source":"87bcc15a403cbce8.json","parameterValues":["9894366233","Nava@18898"]}