{"uid":"8d6eddbe5c37a378","name":": Login data -- @1.1 ","fullName":"Flipkart Registration: : Login data","historyId":"137579b7847e2f7b11f2f8f1c534eb31","time":{"start":1667996446408,"stop":1667996634382,"duration":187974},"status":"broken","statusMessage":"selenium.common.exceptions.NoSuchElementException: Message: no such element: Unable to locate element: {\"method\":\"xpath\",\"selector\":\"/html/body/div[2]/div/div/div/div/div[2]/div/form/div[4]/input\"}\n  (Session info: chrome=107.0.5304.88)\n\n","statusTrace":"  File \"C:\\Users\\navan\\AppData\\Local\\Programs\\Python\\Python310\\lib\\site-packages\\behave\\model.py\", line 1329, in run\n    match.run(runner.context)\n  File \"C:\\Users\\navan\\AppData\\Local\\Programs\\Python\\Python310\\lib\\site-packages\\behave\\matchers.py\", line 98, in run\n    self.func(context, *args, **kwargs)\n  File \"features\\steps\\registrationfeatures.py\", line 45, in step_impl\n    context.reg.enterpass(password)\n  File \"C:\\Users\\navan\\PycharmProjects\\Sprint2\\features\\pageobjects\\loginpage.py\", line 42, in enterpass\n    self.TypeEditBox(\"password_XPATH\",password)\n  File \"C:\\Users\\navan\\PycharmProjects\\Sprint2\\features\\pageobjects\\Base.py\", line 32, in TypeEditBox\n    self.driver.find_element_by_xpath(configreader.ConfigReader(\"locators\", locator)).click()\n  File \"C:\\Users\\navan\\AppData\\Local\\Programs\\Python\\Python310\\lib\\site-packages\\selenium\\webdriver\\remote\\webdriver.py\", line 394, in find_element_by_xpath\n    return self.find_element(by=By.XPATH, value=xpath)\n  File \"C:\\Users\\navan\\AppData\\Local\\Programs\\Python\\Python310\\lib\\site-packages\\selenium\\webdriver\\remote\\webdriver.py\", line 976, in find_element\n    return self.execute(Command.FIND_ELEMENT, {\n  File \"C:\\Users\\navan\\AppData\\Local\\Programs\\Python\\Python310\\lib\\site-packages\\selenium\\webdriver\\remote\\webdriver.py\", line 321, in execute\n    self.error_handler.check_response(response)\n  File \"C:\\Users\\navan\\AppData\\Local\\Programs\\Python\\Python310\\lib\\site-packages\\selenium\\webdriver\\remote\\errorhandler.py\", line 242, in check_response\n    raise exception_class(message, screen, stacktrace)\n","flaky":false,"newFailed":false,"newBroken":false,"newPassed":false,"retriesCount":1,"retriesStatusChange":false,"beforeStages":[],"testStage":{"status":"broken","statusMessage":"selenium.common.exceptions.NoSuchElementException: Message: no such element: Unable to locate element: {\"method\":\"xpath\",\"selector\":\"/html/body/div[2]/div/div/div/div/div[2]/div/form/div[4]/input\"}\n  (Session info: chrome=107.0.5304.88)\n\n","statusTrace":"  File \"C:\\Users\\navan\\AppData\\Local\\Programs\\Python\\Python310\\lib\\site-packages\\behave\\model.py\", line 1329, in run\n    match.run(runner.context)\n  File \"C:\\Users\\navan\\AppData\\Local\\Programs\\Python\\Python310\\lib\\site-packages\\behave\\matchers.py\", line 98, in run\n    self.func(context, *args, **kwargs)\n  File \"features\\steps\\registrationfeatures.py\", line 45, in step_impl\n    context.reg.enterpass(password)\n  File \"C:\\Users\\navan\\PycharmProjects\\Sprint2\\features\\pageobjects\\loginpage.py\", line 42, in enterpass\n    self.TypeEditBox(\"password_XPATH\",password)\n  File \"C:\\Users\\navan\\PycharmProjects\\Sprint2\\features\\pageobjects\\Base.py\", line 32, in TypeEditBox\n    self.driver.find_element_by_xpath(configreader.ConfigReader(\"locators\", locator)).click()\n  File \"C:\\Users\\navan\\AppData\\Local\\Programs\\Python\\Python310\\lib\\site-packages\\selenium\\webdriver\\remote\\webdriver.py\", line 394, in find_element_by_xpath\n    return self.find_element(by=By.XPATH, value=xpath)\n  File \"C:\\Users\\navan\\AppData\\Local\\Programs\\Python\\Python310\\lib\\site-packages\\selenium\\webdriver\\remote\\webdriver.py\", line 976, in find_element\n    return self.execute(Command.FIND_ELEMENT, {\n  File \"C:\\Users\\navan\\AppData\\Local\\Programs\\Python\\Python310\\lib\\site-packages\\selenium\\webdriver\\remote\\webdriver.py\", line 321, in execute\n    self.error_handler.check_response(response)\n  File \"C:\\Users\\navan\\AppData\\Local\\Programs\\Python\\Python310\\lib\\site-packages\\selenium\\webdriver\\remote\\errorhandler.py\", line 242, in check_response\n    raise exception_class(message, screen, stacktrace)\n","steps":[{"name":"Given we navigate to the Flipkart url","time":{"start":1667996448898,"stop":1667996492721,"duration":43823},"status":"passed","steps":[],"attachments":[],"parameters":[],"shouldDisplayMessage":false,"attachmentsCount":0,"stepsCount":0,"hasContent":false},{"name":"And close the login window","time":{"start":1667996492721,"stop":1667996497902,"duration":5181},"status":"passed","steps":[],"attachments":[],"parameters":[],"shouldDisplayMessage":false,"attachmentsCount":0,"stepsCount":0,"hasContent":false},{"name":"When we hover over Login Button","time":{"start":1667996497902,"stop":1667996503193,"duration":5291},"status":"passed","steps":[],"attachments":[],"parameters":[],"shouldDisplayMessage":false,"attachmentsCount":0,"stepsCount":0,"hasContent":false},{"name":"And Click on SignUp Link","time":{"start":1667996503193,"stop":1667996508273,"duration":5080},"status":"passed","steps":[],"attachments":[],"parameters":[],"shouldDisplayMessage":false,"attachmentsCount":0,"stepsCount":0,"hasContent":false},{"name":"Then we validate the new user text","time":{"start":1667996508273,"stop":1667996508320,"duration":47},"status":"passed","steps":[],"attachments":[],"parameters":[],"shouldDisplayMessage":false,"attachmentsCount":0,"stepsCount":0,"hasContent":false},{"name":"And we type in the \"9786273674\" field","time":{"start":1667996508320,"stop":1667996568552,"duration":60232},"status":"passed","steps":[],"attachments":[],"parameters":[],"shouldDisplayMessage":false,"attachmentsCount":0,"stepsCount":0,"hasContent":false},{"name":"And Click on Continue button","time":{"start":1667996568552,"stop":1667996578667,"duration":10115},"status":"passed","steps":[],"attachments":[],"parameters":[],"shouldDisplayMessage":false,"attachmentsCount":0,"stepsCount":0,"hasContent":false},{"name":"Then we type in \"Nava@18898\" field","time":{"start":1667996578667,"stop":1667996629170,"duration":50503},"status":"broken","statusMessage":"selenium.common.exceptions.NoSuchElementException: Message: no such element: Unable to locate element: {\"method\":\"xpath\",\"selector\":\"/html/body/div[2]/div/div/div/div/div[2]/div/form/div[4]/input\"}\n  (Session info: chrome=107.0.5304.88)\n\n","statusTrace":"  File \"C:\\Users\\navan\\AppData\\Local\\Programs\\Python\\Python310\\lib\\site-packages\\behave\\model.py\", line 1329, in run\n    match.run(runner.context)\n  File \"C:\\Users\\navan\\AppData\\Local\\Programs\\Python\\Python310\\lib\\site-packages\\behave\\matchers.py\", line 98, in run\n    self.func(context, *args, **kwargs)\n  File \"features\\steps\\registrationfeatures.py\", line 45, in step_impl\n    context.reg.enterpass(password)\n  File \"C:\\Users\\navan\\PycharmProjects\\Sprint2\\features\\pageobjects\\loginpage.py\", line 42, in enterpass\n    self.TypeEditBox(\"password_XPATH\",password)\n  File \"C:\\Users\\navan\\PycharmProjects\\Sprint2\\features\\pageobjects\\Base.py\", line 32, in TypeEditBox\n    self.driver.find_element_by_xpath(configreader.ConfigReader(\"locators\", locator)).click()\n  File \"C:\\Users\\navan\\AppData\\Local\\Programs\\Python\\Python310\\lib\\site-packages\\selenium\\webdriver\\remote\\webdriver.py\", line 394, in find_element_by_xpath\n    return self.find_element(by=By.XPATH, value=xpath)\n  File \"C:\\Users\\navan\\AppData\\Local\\Programs\\Python\\Python310\\lib\\site-packages\\selenium\\webdriver\\remote\\webdriver.py\", line 976, in find_element\n    return self.execute(Command.FIND_ELEMENT, {\n  File \"C:\\Users\\navan\\AppData\\Local\\Programs\\Python\\Python310\\lib\\site-packages\\selenium\\webdriver\\remote\\webdriver.py\", line 321, in execute\n    self.error_handler.check_response(response)\n  File \"C:\\Users\\navan\\AppData\\Local\\Programs\\Python\\Python310\\lib\\site-packages\\selenium\\webdriver\\remote\\errorhandler.py\", line 242, in check_response\n    raise exception_class(message, screen, stacktrace)\n","steps":[],"attachments":[{"uid":"1160e200ef26c6ce","name":"screenshot","source":"1160e200ef26c6ce.png","type":"image/png","size":585722}],"parameters":[],"shouldDisplayMessage":true,"attachmentsCount":1,"stepsCount":0,"hasContent":true},{"name":"And we click on the login button","time":{"start":1667996634382,"stop":1667996634382,"duration":0},"status":"skipped","steps":[],"attachments":[],"parameters":[],"shouldDisplayMessage":false,"attachmentsCount":0,"stepsCount":0,"hasContent":false}],"attachments":[],"parameters":[],"shouldDisplayMessage":false,"attachmentsCount":1,"stepsCount":9,"hasContent":true},"afterStages":[],"labels":[{"name":"severity","value":"normal"},{"name":"feature","value":"Flipkart Registration"},{"name":"framework","value":"behave"},{"name":"language","value":"cpython3"},{"name":"resultFormat","value":"allure2"}],"parameters":[{"name":"number","value":"9786273674"},{"name":"password","value":"Nava@18898"}],"links":[],"hidden":false,"retry":false,"extra":{"severity":"normal","retries":[{"uid":"ce8f4aacfd9cfb3a","status":"broken","statusDetails":"selenium.common.exceptions.NoSuchElementException: Message: no such element: Unable to locate element: {\"method\":\"css selector\",\"selector\":\"#container>div>div._1kfTjk>div._1rH5Jn>div._2Xfa2_>div.go_DOp._2errNR>div>div>div.ZEl_b_._1J9ow0._2ogGYG._23xUYh._3pAV4E>div._3_Fivj>div>div>div>div._3wJI0x\"}\n  (Session info: chrome=107.0.5304.88)\n\n","time":{"start":1667994471260,"stop":1667994562565,"duration":91305}}],"categories":[{"name":"Test defects","matchedStatuses":[],"flaky":false}],"history":{"statistic":{"failed":0,"broken":4,"skipped":0,"passed":0,"unknown":0,"total":4},"items":[{"uid":"57993841cfbdca79","reportUrl":"http://localhost:9090/job/Sprint/21/allure/#testresult/57993841cfbdca79","status":"broken","statusDetails":"selenium.common.exceptions.NoSuchElementException: Message: no such element: Unable to locate element: {\"method\":\"xpath\",\"selector\":\"/html/body/div[2]/div/div/div/div/div[2]/div/form/div[4]/input\"}\n  (Session info: chrome=107.0.5304.88)\n\n","time":{"start":1667996446408,"stop":1667996634382,"duration":187974}},{"uid":"aaf802709b25c569","reportUrl":"http://localhost:9090/job/Sprint/20/allure/#testresult/aaf802709b25c569","status":"broken","statusDetails":"selenium.common.exceptions.NoSuchElementException: Message: no such element: Unable to locate element: {\"method\":\"xpath\",\"selector\":\"/html/body/div[2]/div/div/div/div/div[2]/div/form/div[4]/input\"}\n  (Session info: chrome=107.0.5304.88)\n\n","time":{"start":1667996446408,"stop":1667996634382,"duration":187974}},{"uid":"e81a3d6227bee9d9","reportUrl":"http://localhost:9090/job/Sprint/3/allure/#testresult/e81a3d6227bee9d9","status":"broken","statusDetails":"selenium.common.exceptions.NoSuchElementException: Message: no such element: Unable to locate element: {\"method\":\"xpath\",\"selector\":\"/html/body/div[2]/div/div/div/div/div[2]/div/form/div[4]/input\"}\n  (Session info: chrome=107.0.5304.88)\n\n","time":{"start":1667972965213,"stop":1667973153383,"duration":188170}}]},"tags":[]},"source":"8d6eddbe5c37a378.json","parameterValues":["9786273674","Nava@18898"]}