{"uid":"b17c8d7c25d9840e","name":": Login data -- @1.1 ","fullName":"Flipkart Registration: : Login data","historyId":"a79eaed97cda3f9ced5b75e6854baf36","time":{"start":1667987661495,"stop":1667987750123,"duration":88628},"status":"broken","statusMessage":"selenium.common.exceptions.NoSuchElementException: Message: no such element: Unable to locate element: {\"method\":\"css selector\",\"selector\":\"#container>div>div._1kfTjk>div._1rH5Jn>div._2Xfa2_>div.go_DOp._2errNR>div>div>div.ZEl_b_._1J9ow0._2ogGYG._23xUYh._3pAV4E>div._3_Fivj>div>div>div>div._3wJI0x\"}\n  (Session info: chrome=107.0.5304.88)\n\n","statusTrace":"  File \"C:\\Users\\navan\\AppData\\Local\\Programs\\Python\\Python310\\lib\\site-packages\\behave\\model.py\", line 1329, in run\n    match.run(runner.context)\n  File \"C:\\Users\\navan\\AppData\\Local\\Programs\\Python\\Python310\\lib\\site-packages\\behave\\matchers.py\", line 98, in run\n    self.func(context, *args, **kwargs)\n  File \"features\\steps\\registrationfeatures.py\", line 26, in step_impl\n    context.reg.clickSignUpLink()\n  File \"C:\\Users\\navan\\PycharmProjects\\Sprint2\\features\\pageobjects\\loginpage.py\", line 29, in clickSignUpLink\n    self.driver.find_element(By.CSS_SELECTOR,\"#container>div>div._1kfTjk>div._1rH5Jn>div._2Xfa2_>div.go_DOp._2errNR>div>div>div.ZEl_b_._1J9ow0._2ogGYG._23xUYh._3pAV4E>div._3_Fivj>div>div>div>div._3wJI0x\").click()\n  File \"C:\\Users\\navan\\AppData\\Local\\Programs\\Python\\Python310\\lib\\site-packages\\selenium\\webdriver\\remote\\webdriver.py\", line 976, in find_element\n    return self.execute(Command.FIND_ELEMENT, {\n  File \"C:\\Users\\navan\\AppData\\Local\\Programs\\Python\\Python310\\lib\\site-packages\\selenium\\webdriver\\remote\\webdriver.py\", line 321, in execute\n    self.error_handler.check_response(response)\n  File \"C:\\Users\\navan\\AppData\\Local\\Programs\\Python\\Python310\\lib\\site-packages\\selenium\\webdriver\\remote\\errorhandler.py\", line 242, in check_response\n    raise exception_class(message, screen, stacktrace)\n","flaky":false,"newFailed":false,"newBroken":false,"newPassed":false,"retriesCount":0,"retriesStatusChange":false,"beforeStages":[],"testStage":{"status":"broken","statusMessage":"selenium.common.exceptions.NoSuchElementException: Message: no such element: Unable to locate element: {\"method\":\"css selector\",\"selector\":\"#container>div>div._1kfTjk>div._1rH5Jn>div._2Xfa2_>div.go_DOp._2errNR>div>div>div.ZEl_b_._1J9ow0._2ogGYG._23xUYh._3pAV4E>div._3_Fivj>div>div>div>div._3wJI0x\"}\n  (Session info: chrome=107.0.5304.88)\n\n","statusTrace":"  File \"C:\\Users\\navan\\AppData\\Local\\Programs\\Python\\Python310\\lib\\site-packages\\behave\\model.py\", line 1329, in run\n    match.run(runner.context)\n  File \"C:\\Users\\navan\\AppData\\Local\\Programs\\Python\\Python310\\lib\\site-packages\\behave\\matchers.py\", line 98, in run\n    self.func(context, *args, **kwargs)\n  File \"features\\steps\\registrationfeatures.py\", line 26, in step_impl\n    context.reg.clickSignUpLink()\n  File \"C:\\Users\\navan\\PycharmProjects\\Sprint2\\features\\pageobjects\\loginpage.py\", line 29, in clickSignUpLink\n    self.driver.find_element(By.CSS_SELECTOR,\"#container>div>div._1kfTjk>div._1rH5Jn>div._2Xfa2_>div.go_DOp._2errNR>div>div>div.ZEl_b_._1J9ow0._2ogGYG._23xUYh._3pAV4E>div._3_Fivj>div>div>div>div._3wJI0x\").click()\n  File \"C:\\Users\\navan\\AppData\\Local\\Programs\\Python\\Python310\\lib\\site-packages\\selenium\\webdriver\\remote\\webdriver.py\", line 976, in find_element\n    return self.execute(Command.FIND_ELEMENT, {\n  File \"C:\\Users\\navan\\AppData\\Local\\Programs\\Python\\Python310\\lib\\site-packages\\selenium\\webdriver\\remote\\webdriver.py\", line 321, in execute\n    self.error_handler.check_response(response)\n  File \"C:\\Users\\navan\\AppData\\Local\\Programs\\Python\\Python310\\lib\\site-packages\\selenium\\webdriver\\remote\\errorhandler.py\", line 242, in check_response\n    raise exception_class(message, screen, stacktrace)\n","steps":[{"name":"Given we navigate to the Flipkart url","time":{"start":1667987664665,"stop":1667987688298,"duration":23633},"status":"passed","steps":[],"attachments":[],"parameters":[],"shouldDisplayMessage":false,"attachmentsCount":0,"stepsCount":0,"hasContent":false},{"name":"And close the login window","time":{"start":1667987688298,"stop":1667987693456,"duration":5158},"status":"passed","steps":[],"attachments":[],"parameters":[],"shouldDisplayMessage":false,"attachmentsCount":0,"stepsCount":0,"hasContent":false},{"name":"When we hover over Login Button","time":{"start":1667987693456,"stop":1667987703789,"duration":10333},"status":"passed","steps":[],"attachments":[],"parameters":[],"shouldDisplayMessage":false,"attachmentsCount":0,"stepsCount":0,"hasContent":false},{"name":"And Click on SignUp Link","time":{"start":1667987703789,"stop":1667987744865,"duration":41076},"status":"broken","statusMessage":"selenium.common.exceptions.NoSuchElementException: Message: no such element: Unable to locate element: {\"method\":\"css selector\",\"selector\":\"#container>div>div._1kfTjk>div._1rH5Jn>div._2Xfa2_>div.go_DOp._2errNR>div>div>div.ZEl_b_._1J9ow0._2ogGYG._23xUYh._3pAV4E>div._3_Fivj>div>div>div>div._3wJI0x\"}\n  (Session info: chrome=107.0.5304.88)\n\n","statusTrace":"  File \"C:\\Users\\navan\\AppData\\Local\\Programs\\Python\\Python310\\lib\\site-packages\\behave\\model.py\", line 1329, in run\n    match.run(runner.context)\n  File \"C:\\Users\\navan\\AppData\\Local\\Programs\\Python\\Python310\\lib\\site-packages\\behave\\matchers.py\", line 98, in run\n    self.func(context, *args, **kwargs)\n  File \"features\\steps\\registrationfeatures.py\", line 26, in step_impl\n    context.reg.clickSignUpLink()\n  File \"C:\\Users\\navan\\PycharmProjects\\Sprint2\\features\\pageobjects\\loginpage.py\", line 29, in clickSignUpLink\n    self.driver.find_element(By.CSS_SELECTOR,\"#container>div>div._1kfTjk>div._1rH5Jn>div._2Xfa2_>div.go_DOp._2errNR>div>div>div.ZEl_b_._1J9ow0._2ogGYG._23xUYh._3pAV4E>div._3_Fivj>div>div>div>div._3wJI0x\").click()\n  File \"C:\\Users\\navan\\AppData\\Local\\Programs\\Python\\Python310\\lib\\site-packages\\selenium\\webdriver\\remote\\webdriver.py\", line 976, in find_element\n    return self.execute(Command.FIND_ELEMENT, {\n  File \"C:\\Users\\navan\\AppData\\Local\\Programs\\Python\\Python310\\lib\\site-packages\\selenium\\webdriver\\remote\\webdriver.py\", line 321, in execute\n    self.error_handler.check_response(response)\n  File \"C:\\Users\\navan\\AppData\\Local\\Programs\\Python\\Python310\\lib\\site-packages\\selenium\\webdriver\\remote\\errorhandler.py\", line 242, in check_response\n    raise exception_class(message, screen, stacktrace)\n","steps":[],"attachments":[{"uid":"3959809749fc84e4","name":"screenshot","source":"3959809749fc84e4.png","type":"image/png","size":954533}],"parameters":[],"shouldDisplayMessage":true,"attachmentsCount":1,"stepsCount":0,"hasContent":true},{"name":"Then we validate the new user text","time":{"start":1667987750123,"stop":1667987750123,"duration":0},"status":"skipped","steps":[],"attachments":[],"parameters":[],"shouldDisplayMessage":false,"attachmentsCount":0,"stepsCount":0,"hasContent":false},{"name":"And we type in the \"9448996256\" field","time":{"start":1667987750123,"stop":1667987750123,"duration":0},"status":"skipped","steps":[],"attachments":[],"parameters":[],"shouldDisplayMessage":false,"attachmentsCount":0,"stepsCount":0,"hasContent":false},{"name":"And Click on Continue button","time":{"start":1667987750123,"stop":1667987750123,"duration":0},"status":"skipped","steps":[],"attachments":[],"parameters":[],"shouldDisplayMessage":false,"attachmentsCount":0,"stepsCount":0,"hasContent":false},{"name":"Then we type in \"Nava@18898\" field","time":{"start":1667987750123,"stop":1667987750123,"duration":0},"status":"skipped","steps":[],"attachments":[],"parameters":[],"shouldDisplayMessage":false,"attachmentsCount":0,"stepsCount":0,"hasContent":false},{"name":"And we click on the login button","time":{"start":1667987750123,"stop":1667987750123,"duration":0},"status":"skipped","steps":[],"attachments":[],"parameters":[],"shouldDisplayMessage":false,"attachmentsCount":0,"stepsCount":0,"hasContent":false}],"attachments":[],"parameters":[],"shouldDisplayMessage":false,"attachmentsCount":1,"stepsCount":9,"hasContent":true},"afterStages":[],"labels":[{"name":"severity","value":"normal"},{"name":"feature","value":"Flipkart Registration"},{"name":"framework","value":"behave"},{"name":"language","value":"cpython3"},{"name":"resultFormat","value":"allure2"}],"parameters":[{"name":"number","value":"9448996256"},{"name":"password","value":"Nava@18898"}],"links":[],"hidden":true,"retry":true,"extra":{"categories":[],"tags":[]},"source":"b17c8d7c25d9840e.json","parameterValues":["9448996256","Nava@18898"]}